<?xml version="1.0" encoding="UTF-8"?><testsuite errors="0" failures="1" name="make a payment to three different client" skipped="0" tests="1" time="25.3" timestamp="2022-01-06 07:44:37"><testcase name="make a payment to three different client"><failure message="Expected condition failed: waiting for By.id: text1 to be present (tried for 5 second(s) with 100 milliseconds interval)&#10;Build info: version: '3.141.59', revision: 'e82be7d358', time: '2018-11-14T08:17:03'&#10;System info: host: 'Emres-MacBook-Air.local', ip: 'fe80:0:0:0:17:34da:e49a:7234%en0', os.name: 'Mac OS X', os.arch: 'x86_64', os.version: '12.0.1', java.version: '17.0.1'&#10;Driver info: driver.version: unknown" type="net.thucydides.core.webdriver.exceptions.ElementShouldBePresentException">Expected condition failed: waiting for By.id: text1 to be present (tried for 5 second(s) with 100 milliseconds interval)
Build info: version: '3.141.59', revision: 'e82be7d358', time: '2018-11-14T08:17:03'
System info: host: 'Emres-MacBook-Air.local', ip: 'fe80:0:0:0:17:34da:e49a:7234%en0', os.name: 'Mac OS X', os.arch: 'x86_64', os.version: '12.0.1', java.version: '17.0.1'
Driver info: driver.version: unknown</failure><system-err>Expected condition failed: waiting for By.id: text1 to be present (tried for 5 second(s) with 100 milliseconds interval)
Build info: version: '3.141.59', revision: 'e82be7d358', time: '2018-11-14T08:17:03'
System info: host: 'Emres-MacBook-Air.local', ip: 'fe80:0:0:0:17:34da:e49a:7234%en0', os.name: 'Mac OS X', os.arch: 'x86_64', os.version: '12.0.1', java.version: '17.0.1'
Driver info: driver.version: unknown
tasks.Payment.performAs(Payment.java:31)
steps.PaymentClientSteps.i_click_make_payment_button_for_deposit(PaymentClientSteps.java:35)
io.cucumber.java.Invoker.doInvoke(Invoker.java:66)
io.cucumber.java.Invoker.invoke(Invoker.java:24)
io.cucumber.java.AbstractGlueDefinition.invokeMethod(AbstractGlueDefinition.java:47)
io.cucumber.java.JavaStepDefinition.execute(JavaStepDefinition.java:29)
io.cucumber.core.runner.CoreStepDefinition.execute(CoreStepDefinition.java:66)
io.cucumber.core.runner.PickleStepDefinitionMatch.runStep(PickleStepDefinitionMatch.java:63)
io.cucumber.core.runner.TestStep.executeStep(TestStep.java:92)
io.cucumber.core.runner.TestStep.run(TestStep.java:64)
io.cucumber.core.runner.PickleStepTestStep.run(PickleStepTestStep.java:51)
io.cucumber.core.runner.TestCase.run(TestCase.java:104)
io.cucumber.core.runner.Runner.runPickle(Runner.java:73)
io.cucumber.junit.FeatureRunner.runChild(FeatureRunner.java:135)
io.cucumber.junit.FeatureRunner.runChild(FeatureRunner.java:27)
io.cucumber.junit.CucumberSerenityRunner.runChild(CucumberSerenityRunner.java:258)
io.cucumber.junit.CucumberSerenityRunner.runChild(CucumberSerenityRunner.java:57)
</system-err></testcase></testsuite>